<?xml version="1.0" encoding="UTF-8"?>
<!-- Generated by org.testng.reporters.JUnitReportReporter -->
<testsuite hostname="DESKTOP-7FEGF8Q" failures="0" tests="3" name="neoStoxTestClass.ValidateUserName" time="33.485" errors="0" timestamp="2022-12-02T16:58:51 IST" skipped="0">
  <testcase classname="neoStoxTestClass.ValidateUserName" name="ValaidateUserName" time="10.332"/>
  <system-out>
    <![CDATA[reading value UserNameof from properties file
to take a screensot 
Validation  is passed]]>
  </system-out>
  <testcase classname="neoStoxTestClass.ValidateUserName" name="ckickOnAnalyzerButton" time="14.208"/>
  <system-out>
    <![CDATA[click on Analyzer button 
click on Analyzer Options button 
to take a screensot ]]>
  </system-out>
  <testcase classname="neoStoxTestClass.ValidateUserName" name="validateACbalance" time="8.945"/>
  <system-out>
    <![CDATA[actualbalance balance is 
actualbalance balance is 
AC balance is Rs.5,00,000.00
actualbalance balance is 
to take a screensot ]]>
  </system-out>
</testsuite> <!-- neoStoxTestClass.ValidateUserName -->
